<?xml version="1.0" encoding="UTF-8"?>
<testsuite xmlns:xsi="http://www.w3.org/2001/XMLSchema-instance" xsi:noNamespaceSchemaLocation="https://maven.apache.org/surefire/maven-surefire-plugin/xsd/surefire-test-report-3.0.xsd" version="3.0" name="com.javatechie.AwsDemoApplicationTests" time="10.272" tests="1" errors="0" skipped="0" failures="0">
  <properties>
[...]
</properties>
  <testcase name="contextLoads" classname="com.javatechie.AwsDemoApplicationTests" time="2.361">
    <system-out><![CDATA[15:23:35.976 [main] INFO org.springframework.test.context.support.AnnotationConfigContextLoaderUtils -- Could not detect default configuration classes for test class [com.javatechie.AwsDemoApplicationTests]: AwsDemoApplicationTests does not declare any static, non-private, non-final, nested classes annotated with @Configuration.
15:23:36.208 [main] INFO org.springframework.boot.test.context.SpringBootTestContextBootstrapper -- Found @SpringBootConfiguration com.javatechie.CourseServiceApplication for test class com.javatechie.AwsDemoApplicationTests

  .   ____          _            __ _ _
 /\\ / ___'_ __ _ _(_)_ __  __ _ \ \ \ \
( ( )\___ | '_ | '_| | '_ \/ _` | \ \ \ \
 \\/  ___)| |_)| | | | | || (_| |  ) ) ) )
  '  |____| .__|_| |_|_| |_\__, | / / / /
 =========|_|==============|___/=/_/_/_/
 :: Spring Boot ::                (v3.2.5)

2026-02-04T15:23:37.484-05:00  INFO 35448 --- [course-service] [           main] com.javatechie.AwsDemoApplicationTests   : Starting AwsDemoApplicationTests using Java 22.0.2 with PID 35448 (started by New User in C:\Users\New User\Downloads\aws-cicd-main\aws-cicd-main)
2026-02-04T15:23:37.487-05:00  INFO 35448 --- [course-service] [           main] com.javatechie.AwsDemoApplicationTests   : No active profile set, falling back to 1 default profile: "default"
2026-02-04T15:23:41.011-05:00  INFO 35448 --- [course-service] [           main] o.s.b.a.w.s.WelcomePageHandlerMapping    : Adding welcome page: class path resource [static/index.html]
2026-02-04T15:23:43.377-05:00  INFO 35448 --- [course-service] [           main] com.javatechie.AwsDemoApplicationTests   : Started AwsDemoApplicationTests in 6.784 seconds (process running for 9.466)
]]></system-out>
    <system-err><![CDATA[WARNING: A Java agent has been loaded dynamically (C:\Users\New User\.m2\repository\net\bytebuddy\byte-buddy-agent\1.14.13\byte-buddy-agent-1.14.13.jar)
WARNING: If a serviceability tool is in use, please run with -XX:+EnableDynamicAgentLoading to hide this warning
WARNING: If a serviceability tool is not in use, please run with -Djdk.instrument.traceUsage for more information
WARNING: Dynamic loading of agents will be disallowed by default in a future release
]]></system-err>
  </testcase>
</testsuite>